<?xml version="1.0" encoding="UTF-8"?>
<testng-results ignored="0" total="1" passed="1" failed="0" skipped="0">
  <reporter-output>
  </reporter-output>
  <suite started-at="2024-06-23T05:50:39Z" name="Data Driven Basics" finished-at="2024-06-23T05:50:42Z" duration-ms="3518">
    <groups>
    </groups>
    <test started-at="2024-06-23T05:50:39Z" name="Bank Manager Login Test" finished-at="2024-06-23T05:50:42Z" duration-ms="3483">
      <class name="com.w2a.testcases.BankManagerLoginTest">
        <test-method signature="loginAsBankManager()[pri:0, instance:com.w2a.testcases.BankManagerLoginTest@405325cf]" started-at="2024-06-23T05:50:39Z" name="loginAsBankManager" finished-at="2024-06-23T05:50:42Z" duration-ms="3269" status="PASS">
          <reporter-output>
          </reporter-output>
        </test-method> <!-- loginAsBankManager -->
      </class> <!-- com.w2a.testcases.BankManagerLoginTest -->
    </test> <!-- Bank Manager Login Test -->
    <test started-at="2024-06-23T05:50:42Z" name="Add Customer Test" finished-at="2024-06-23T05:50:42Z" duration-ms="9">
    </test> <!-- Add Customer Test -->
    <test started-at="2024-06-23T05:50:42Z" name="Open Account Test" finished-at="2024-06-23T05:50:42Z" duration-ms="1">
      <class name="com.w2a.testcases.OpenAccountTest">
        <test-method is-config="true" signature="setUp()[pri:0, instance:com.w2a.testcases.OpenAccountTest@df4b72]" started-at="2024-06-23T05:50:36Z" name="setUp" finished-at="2024-06-23T05:50:39Z" duration-ms="3313" status="PASS">
          <reporter-output>
          </reporter-output>
        </test-method> <!-- setUp -->
        <test-method is-config="true" signature="closeDown()[pri:0, instance:com.w2a.testcases.OpenAccountTest@df4b72]" started-at="2024-06-23T05:50:42Z" name="closeDown" finished-at="2024-06-23T05:50:43Z" duration-ms="449" status="PASS">
          <reporter-output>
          </reporter-output>
        </test-method> <!-- closeDown -->
      </class> <!-- com.w2a.testcases.OpenAccountTest -->
    </test> <!-- Open Account Test -->
  </suite> <!-- Data Driven Basics -->
</testng-results>
